Thu Apr 17 06:30:34 UTC 2025
Thu Apr 17 13:18:23 UTC 2025
Fri Apr 18 13:14:52 UTC 2025
Sat Apr 19 13:02:11 UTC 2025
Sun Apr 20 13:05:04 UTC 2025
Mon Apr 21 13:16:50 UTC 2025
Tue Apr 22 13:19:43 UTC 2025
Wed Apr 23 13:35:09 UTC 2025
Thu Apr 24 13:36:01 UTC 2025
Fri Apr 25 13:18:37 UTC 2025
Sat Apr 26 13:03:35 UTC 2025
Sun Apr 27 13:04:06 UTC 2025
Mon Apr 28 13:49:49 UTC 2025
Tue Apr 29 13:44:05 UTC 2025
Wed Apr 30 13:19:00 UTC 2025
Thu May  1 13:17:23 UTC 2025
Fri May  2 13:18:24 UTC 2025
Sat May  3 13:04:52 UTC 2025
Sun May  4 13:13:29 UTC 2025
Mon May  5 13:35:29 UTC 2025
Tue May  6 13:38:47 UTC 2025
Wed May  7 13:41:32 UTC 2025
Thu May  8 13:34:48 UTC 2025
